#
# There is insufficient memory for the Java Runtime Environment to continue.
# Native memory allocation (malloc) failed to allocate 1048576 bytes for AllocateHeap
# Possible reasons:
#   The system is out of physical RAM or swap space
#   The process is running with CompressedOops enabled, and the Java Heap may be blocking the growth of the native heap
# Possible solutions:
#   Reduce memory load on the system
#   Increase physical memory or swap space
#   Check if swap backing store is full
#   Decrease Java heap size (-Xmx/-Xms)
#   Decrease number of Java threads
#   Decrease Java thread stack sizes (-Xss)
#   Set larger code cache with -XX:ReservedCodeCacheSize=
#   JVM is running with Unscaled Compressed Oops mode in which the Java heap is
#     placed in the first 4GB address space. The Java Heap base address is the
#     maximum limit for the native heap growth. Please use -XX:HeapBaseMinAddress
#     to set the Java Heap base and to place the Java Heap above 4GB virtual address.
# This output file may be truncated or incomplete.
#
#  Out of Memory Error (allocation.cpp:44), pid=7332, tid=4860
#
# JRE version:  (17.0.6+10) (build )
# Java VM: OpenJDK 64-Bit Server VM (17.0.6+10, mixed mode, tiered, compressed oops, compressed class ptrs, parallel gc, windows-amd64)
# No core dump will be written. Minidumps are not enabled by default on client versions of Windows
#

---------------  S U M M A R Y ------------

Command Line: --add-modules=ALL-SYSTEM --add-opens=java.base/java.util=ALL-UNNAMED --add-opens=java.base/java.lang=ALL-UNNAMED --add-opens=java.base/sun.nio.fs=ALL-UNNAMED -Declipse.application=org.eclipse.jdt.ls.core.id1 -Dosgi.bundles.defaultStartLevel=4 -Declipse.product=org.eclipse.jdt.ls.core.product -Djava.import.generatesMetadataFilesAtProjectRoot=false -Dfile.encoding=utf8 -XX:+UseParallelGC -XX:GCTimeRatio=4 -XX:AdaptiveSizePolicyWeight=90 -Dsun.zip.disableMemoryMapping=true -Xmx1G -Xms100m -Xlog:disable -javaagent:c:\Users\SpaceCowboy\.vscode\extensions\redhat.java-1.16.0-win32-x64\lombok\lombok-1.18.24.jar c:\Users\SpaceCowboy\.vscode\extensions\redhat.java-1.16.0-win32-x64\server\plugins\org.eclipse.equinox.launcher_1.6.400.v20210924-0641.jar -configuration c:\Users\SpaceCowboy\AppData\Roaming\Code\User\globalStorage\redhat.java\1.16.0\config_ss_win -data c:\Users\SpaceCowboy\AppData\Roaming\Code\User\workspaceStorage\12960cddfff0caf64ac68c04116eb93c\redhat.java\ss_ws

Host: Intel(R) Xeon(R) Platinum 8272CL CPU @ 2.60GHz, 1 cores, 3G,  Windows 10 , 64 bit Build 19041 (10.0.19041.2546)
Time: Wed Apr 12 20:43:30 2023 South Africa Standard Time elapsed time: 0.753296 seconds (0d 0h 0m 0s)

---------------  T H R E A D  ---------------

Current thread (0x0000025c57272db0):  JavaThread "Unknown thread" [_thread_in_vm, id=4860, stack(0x000000e75b900000,0x000000e75ba00000)]

Stack: [0x000000e75b900000,0x000000e75ba00000]
Native frames: (J=compiled Java code, j=interpreted, Vv=VM code, C=native code)
V  [jvm.dll+0x67741a]
V  [jvm.dll+0x834434]
V  [jvm.dll+0x835bde]
V  [jvm.dll+0x836243]
V  [jvm.dll+0x2457b5]
V  [jvm.dll+0xa626f]
V  [jvm.dll+0x6a9a96]
V  [jvm.dll+0x6aa6d9]
V  [jvm.dll+0x683b13]
V  [jvm.dll+0x80684b]
V  [jvm.dll+0x3693b4]
V  [jvm.dll+0x7e56ac]
V  [jvm.dll+0x3eb35f]
V  [jvm.dll+0x3ecea1]
C  [jli.dll+0x5267]
C  [ucrtbase.dll+0x21bb2]
C  [KERNEL32.DLL+0x17614]
C  [ntdll.dll+0x526a1]


---------------  P R O C E S S  ---------------

Threads class SMR info:
_java_thread_list=0x00007ffd86e55fd8, length=0, elements={
}

Java Threads: ( => current thread )

Other Threads:
  0x0000025c57280530 GCTaskThread "GC Thread#0" [stack: 0x000000e75ba00000,0x000000e75bb00000] [id=8264]

=>0x0000025c57272db0 (exited) JavaThread "Unknown thread" [_thread_in_vm, id=4860, stack(0x000000e75b900000,0x000000e75ba00000)]

Threads with active compile tasks:

VM state: not at safepoint (normal execution)

VM Mutex/Monitor currently owned by a thread: None

Heap address: 0x00000000c0000000, size: 1024 MB, Compressed Oops mode: 32-bit

CDS archive(s) not mapped
Compressed class space mapped at: 0x0000000100000000-0x0000000140000000, reserved size: 1073741824
Narrow klass base: 0x0000000000000000, Narrow klass shift: 3, Narrow klass range: 0x140000000

GC Precious Log:
 CPUs: 1 total, 1 available
 Memory: 3582M
 Large Page Support: Disabled
 NUMA Support: Disabled
 Compressed Oops: Enabled (32-bit)
 Alignments: Space 512K, Generation 512K, Heap 2M
 Heap Min Capacity: 100M
 Heap Initial Capacity: 100M
 Heap Max Capacity: 1G
 Pre-touch: Disabled
 Parallel Workers: 1

Heap:
 PSYoungGen      total 29696K, used 512K [0x00000000eab00000, 0x00000000ecc00000, 0x0000000100000000)
  eden space 25600K, 2% used [0x00000000eab00000,0x00000000eab80070,0x00000000ec400000)
  from space 4096K, 0% used [0x00000000ec800000,0x00000000ec800000,0x00000000ecc00000)
  to   space 4096K, 0% used [0x00000000ec400000,0x00000000ec400000,0x00000000ec800000)
 ParOldGen       total 68608K, used 0K [0x00000000c0000000, 0x00000000c4300000, 0x00000000eab00000)
  object space 68608K, 0% used [0x00000000c0000000,0x00000000c0000000,0x00000000c4300000)
 Metaspace       used 1149K, committed 1216K, reserved 1056768K
  class space    used 101K, committed 128K, reserved 1048576K

Card table byte_map: [0x0000025c56c20000,0x0000025c56e30000] _byte_map_base: 0x0000025c56620000

Marking Bits: (ParMarkBitMap*) 0x00007ffd86ec3e70
 Begin Bits: [0x0000025c68f00000, 0x0000025c69f00000)
 End Bits:   [0x0000025c69f00000, 0x0000025c6af00000)

Polling page: 0x0000025c55020000

Metaspace:

Usage:
  Non-class:      1.02 MB used.
      Class:    101.01 KB used.
       Both:      1.12 MB used.

Virtual space:
  Non-class space:        8.00 MB reserved,       1.06 MB ( 13%) committed,  1 nodes.
      Class space:        1.00 GB reserved,     128.00 KB ( <1%) committed,  1 nodes.
             Both:        1.01 GB reserved,       1.19 MB ( <1%) committed. 

Chunk freelists:
   Non-Class:  0 bytes
       Class:  3.75 MB
        Both:  3.75 MB

MaxMetaspaceSize: unlimited
CompressedClassSpaceSize: 1.00 GB
Initial GC threshold: 21.00 MB
Current GC threshold: 17179869184.00 GB
CDS: off
MetaspaceReclaimPolicy: balanced
 - commit_granule_bytes: 65536.
 - commit_granule_words: 8192.
 - virtual_space_node_default_size: 1048576.
 - enlarge_chunks_in_place: 1.
 - new_chunks_are_fully_committed: 0.
 - uncommit_free_chunks: 1.
 - use_allocation_guard: 0.
 - handle_deallocations: 1.


Internal statistics:

num_allocs_failed_limit: 0.
num_arena_births: 2.
num_arena_deaths: 0.
num_vsnodes_births: 2.
num_vsnodes_deaths: 0.
num_space_committed: 19.
num_space_uncommitted: 0.
num_chunks_returned_to_freelist: 0.
num_chunks_taken_from_freelist: 3.
num_chunk_merges: 0.
num_chunk_splits: 1.
num_chunks_enlarged: 0.
num_purges: 0.
num_inconsistent_stats: 0.

CodeHeap 'non-profiled nmethods': size=120064Kb used=0Kb max_used=0Kb free=120064Kb
 bounds [0x0000025c619c0000, 0x0000025c61c30000, 0x0000025c68f00000]
CodeHeap 'profiled nmethods': size=120000Kb used=0Kb max_used=0Kb free=120000Kb
 bounds [0x0000025c59f00000, 0x0000025c5a170000, 0x0000025c61430000]
CodeHeap 'non-nmethods': size=5696Kb used=208Kb max_used=360Kb free=5487Kb
 bounds [0x0000025c61430000, 0x0000025c616a0000, 0x0000025c619c0000]
 total_blobs=66 nmethods=0 adapters=47
 compilation: enabled
              stopped_count=0, restarted_count=0
 full_count=0

Compilation events (0 events):
No events

GC Heap History (0 events):
No events

Dll operation events (1 events):
Event: 0.722 Loaded shared library c:\Users\SpaceCowboy\.vscode\extensions\redhat.java-1.16.0-win32-x64\jre\17.0.6-win32-x86_64\bin\java.dll

Deoptimization events (0 events):
No events

Classes unloaded (0 events):
No events

Classes redefined (0 events):
No events

Internal exceptions (0 events):
No events

VM Operations (0 events):
No events

Events (20 events):
Event: 0.741 loading class java/lang/Long
Event: 0.741 loading class java/lang/Long done
Event: 0.741 loading class java/util/Iterator
Event: 0.741 loading class java/util/Iterator done
Event: 0.741 loading class java/lang/reflect/RecordComponent
Event: 0.742 loading class java/lang/reflect/RecordComponent done
Event: 0.742 loading class jdk/internal/vm/vector/VectorSupport
Event: 0.742 loading class jdk/internal/vm/vector/VectorSupport done
Event: 0.742 loading class jdk/internal/vm/vector/VectorSupport$VectorPayload
Event: 0.742 loading class jdk/internal/vm/vector/VectorSupport$VectorPayload done
Event: 0.742 loading class jdk/internal/vm/vector/VectorSupport$Vector
Event: 0.742 loading class jdk/internal/vm/vector/VectorSupport$Vector done
Event: 0.742 loading class jdk/internal/vm/vector/VectorSupport$VectorMask
Event: 0.742 loading class jdk/internal/vm/vector/VectorSupport$VectorMask done
Event: 0.742 loading class jdk/internal/vm/vector/VectorSupport$VectorShuffle
Event: 0.742 loading class jdk/internal/vm/vector/VectorSupport$VectorShuffle done
Event: 0.744 loading class java/lang/NullPointerException
Event: 0.744 loading class java/lang/NullPointerException done
Event: 0.744 loading class java/lang/ArithmeticException
Event: 0.744 loading class java/lang/ArithmeticException done


Dynamic libraries:
0x00007ff62b110000 - 0x00007ff62b11e000 	c:\Users\SpaceCowboy\.vscode\extensions\redhat.java-1.16.0-win32-x64\jre\17.0.6-win32-x86_64\bin\java.exe
0x00007ffdbb570000 - 0x00007ffdbb768000 	C:\Windows\SYSTEM32\ntdll.dll
0x00007ffdbaea0000 - 0x00007ffdbaf5f000 	C:\Windows\System32\KERNEL32.DLL
0x00007ffdb8db0000 - 0x00007ffdb9082000 	C:\Windows\System32\KERNELBASE.dll
0x00007ffdb92a0000 - 0x00007ffdb93a0000 	C:\Windows\System32\ucrtbase.dll
0x00007ffda2760000 - 0x00007ffda2777000 	c:\Users\SpaceCowboy\.vscode\extensions\redhat.java-1.16.0-win32-x64\jre\17.0.6-win32-x86_64\bin\jli.dll
0x00007ffdb9810000 - 0x00007ffdb99b1000 	C:\Windows\System32\USER32.dll
0x00007ffdb9440000 - 0x00007ffdb9462000 	C:\Windows\System32\win32u.dll
0x00007ffdbaa40000 - 0x00007ffdbaa6b000 	C:\Windows\System32\GDI32.dll
0x00007ffdb8c70000 - 0x00007ffdb8d7f000 	C:\Windows\System32\gdi32full.dll
0x00007ffdb93a0000 - 0x00007ffdb943d000 	C:\Windows\System32\msvcp_win.dll
0x00007ffda26f0000 - 0x00007ffda2709000 	c:\Users\SpaceCowboy\.vscode\extensions\redhat.java-1.16.0-win32-x64\jre\17.0.6-win32-x86_64\bin\VCRUNTIME140.dll
0x00007ffd9b880000 - 0x00007ffd9bb1a000 	C:\Windows\WinSxS\amd64_microsoft.windows.common-controls_6595b64144ccf1df_6.0.19041.1110_none_60b5254171f9507e\COMCTL32.dll
0x00007ffdb9770000 - 0x00007ffdb980e000 	C:\Windows\System32\msvcrt.dll
0x00007ffdbae70000 - 0x00007ffdbaea0000 	C:\Windows\System32\IMM32.DLL
0x00007ffda2940000 - 0x00007ffda294c000 	c:\Users\SpaceCowboy\.vscode\extensions\redhat.java-1.16.0-win32-x64\jre\17.0.6-win32-x86_64\bin\vcruntime140_1.dll
0x00007ffd8de80000 - 0x00007ffd8df11000 	c:\Users\SpaceCowboy\.vscode\extensions\redhat.java-1.16.0-win32-x64\jre\17.0.6-win32-x86_64\bin\msvcp140.dll
0x00007ffd86340000 - 0x00007ffd86f87000 	c:\Users\SpaceCowboy\.vscode\extensions\redhat.java-1.16.0-win32-x64\jre\17.0.6-win32-x86_64\bin\server\jvm.dll
0x00007ffdb9aa0000 - 0x00007ffdb9b4e000 	C:\Windows\System32\ADVAPI32.dll
0x00007ffdbad40000 - 0x00007ffdbaddc000 	C:\Windows\System32\sechost.dll
0x00007ffdb9f70000 - 0x00007ffdba094000 	C:\Windows\System32\RPCRT4.dll
0x00007ffda2750000 - 0x00007ffda2759000 	C:\Windows\SYSTEM32\WSOCK32.dll
0x00007ffdbacd0000 - 0x00007ffdbad3b000 	C:\Windows\System32\WS2_32.dll
0x00007ffd94580000 - 0x00007ffd945a7000 	C:\Windows\SYSTEM32\WINMM.dll
0x00007ffdb1410000 - 0x00007ffdb141a000 	C:\Windows\SYSTEM32\VERSION.dll
0x00007ffdb6a20000 - 0x00007ffdb6a32000 	C:\Windows\SYSTEM32\kernel.appcore.dll
0x00007ffda26e0000 - 0x00007ffda26ea000 	c:\Users\SpaceCowboy\.vscode\extensions\redhat.java-1.16.0-win32-x64\jre\17.0.6-win32-x86_64\bin\jimage.dll
0x00007ffdab390000 - 0x00007ffdab574000 	C:\Windows\SYSTEM32\DBGHELP.DLL
0x00007ffdaf750000 - 0x00007ffdaf785000 	C:\Windows\SYSTEM32\dbgcore.DLL
0x00007ffdb94c0000 - 0x00007ffdb9542000 	C:\Windows\System32\bcryptPrimitives.dll
0x00007ffda26d0000 - 0x00007ffda26de000 	c:\Users\SpaceCowboy\.vscode\extensions\redhat.java-1.16.0-win32-x64\jre\17.0.6-win32-x86_64\bin\instrument.dll
0x00007ffda2390000 - 0x00007ffda23b5000 	c:\Users\SpaceCowboy\.vscode\extensions\redhat.java-1.16.0-win32-x64\jre\17.0.6-win32-x86_64\bin\java.dll
0x00007ffda2370000 - 0x00007ffda2388000 	c:\Users\SpaceCowboy\.vscode\extensions\redhat.java-1.16.0-win32-x64\jre\17.0.6-win32-x86_64\bin\zip.dll

dbghelp: loaded successfully - version: 4.0.5 - missing functions: none
symbol engine: initialized successfully - sym options: 0x614 - pdb path: .;c:\Users\SpaceCowboy\.vscode\extensions\redhat.java-1.16.0-win32-x64\jre\17.0.6-win32-x86_64\bin;C:\Windows\SYSTEM32;C:\Windows\WinSxS\amd64_microsoft.windows.common-controls_6595b64144ccf1df_6.0.19041.1110_none_60b5254171f9507e;c:\Users\SpaceCowboy\.vscode\extensions\redhat.java-1.16.0-win32-x64\jre\17.0.6-win32-x86_64\bin\server

VM Arguments:
jvm_args: --add-modules=ALL-SYSTEM --add-opens=java.base/java.util=ALL-UNNAMED --add-opens=java.base/java.lang=ALL-UNNAMED --add-opens=java.base/sun.nio.fs=ALL-UNNAMED -Declipse.application=org.eclipse.jdt.ls.core.id1 -Dosgi.bundles.defaultStartLevel=4 -Declipse.product=org.eclipse.jdt.ls.core.product -Djava.import.generatesMetadataFilesAtProjectRoot=false -Dfile.encoding=utf8 -XX:+UseParallelGC -XX:GCTimeRatio=4 -XX:AdaptiveSizePolicyWeight=90 -Dsun.zip.disableMemoryMapping=true -Xmx1G -Xms100m -Xlog:disable -javaagent:c:\Users\SpaceCowboy\.vscode\extensions\redhat.java-1.16.0-win32-x64\lombok\lombok-1.18.24.jar 
java_command: c:\Users\SpaceCowboy\.vscode\extensions\redhat.java-1.16.0-win32-x64\server\plugins\org.eclipse.equinox.launcher_1.6.400.v20210924-0641.jar -configuration c:\Users\SpaceCowboy\AppData\Roaming\Code\User\globalStorage\redhat.java\1.16.0\config_ss_win -data c:\Users\SpaceCowboy\AppData\Roaming\Code\User\workspaceStorage\12960cddfff0caf64ac68c04116eb93c\redhat.java\ss_ws
java_class_path (initial): c:\Users\SpaceCowboy\.vscode\extensions\redhat.java-1.16.0-win32-x64\server\plugins\org.eclipse.equinox.launcher_1.6.400.v20210924-0641.jar
Launcher Type: SUN_STANDARD

[Global flags]
    uintx AdaptiveSizePolicyWeight                 = 90                                        {product} {command line}
     intx CICompilerCount                          = 2                                         {product} {ergonomic}
    uintx GCTimeRatio                              = 4                                         {product} {command line}
   size_t InitialHeapSize                          = 104857600                                 {product} {command line}
   size_t MaxHeapSize                              = 1073741824                                {product} {command line}
   size_t MaxNewSize                               = 357564416                                 {product} {ergonomic}
   size_t MinHeapDeltaBytes                        = 524288                                    {product} {ergonomic}
   size_t MinHeapSize                              = 104857600                                 {product} {command line}
   size_t NewSize                                  = 34603008                                  {product} {ergonomic}
    uintx NonNMethodCodeHeapSize                   = 5826188                                {pd product} {ergonomic}
    uintx NonProfiledCodeHeapSize                  = 122916026                              {pd product} {ergonomic}
   size_t OldSize                                  = 70254592                                  {product} {ergonomic}
    uintx ProfiledCodeHeapSize                     = 122916026                              {pd product} {ergonomic}
    uintx ReservedCodeCacheSize                    = 251658240                              {pd product} {ergonomic}
     bool SegmentedCodeCache                       = true                                      {product} {ergonomic}
   size_t SoftMaxHeapSize                          = 1073741824                             {manageable} {ergonomic}
     bool UseCompressedClassPointers               = true                           {product lp64_product} {ergonomic}
     bool UseCompressedOops                        = true                           {product lp64_product} {ergonomic}
     bool UseLargePagesIndividualAllocation        = false                                  {pd product} {ergonomic}
     bool UseParallelGC                            = true                                      {product} {command line}

Logging:
Log output configuration:
 #0: stdout all=off uptime,level,tags
 #1: stderr all=off uptime,level,tags

Environment Variables:
PATH=C:\Program Files\Eclipse Adoptium\jdk-17.0.6.10-hotspot\bin;C:\Python311\Scripts\;C:\Python311\;C:\Windows\system32;C:\Windows;C:\Windows\System32\Wbem;C:\Windows\System32\WindowsPowerShell\v1.0\;C:\Windows\System32\OpenSSH\;C:\Program Files\Git\cmd;C:\Program Files\nodejs\;C:\ProgramData\chocolatey\bin;C:\Users\SpaceCowboy\AppData\Local\Microsoft\WindowsApps;C:\Users\SpaceCowboy\AppData\Local\Programs\Microsoft VS Code\bin;C:\Users\SpaceCowboy\AppData\Local\GitHubDesktop\bin;C:\Users\SpaceCowboy\AppData\Roaming\npm
USERNAME=SpaceCowboy
OS=Windows_NT
PROCESSOR_IDENTIFIER=Intel64 Family 6 Model 85 Stepping 7, GenuineIntel
TMP=C:\Users\SPACEC~1\AppData\Local\Temp
TEMP=C:\Users\SPACEC~1\AppData\Local\Temp



---------------  S Y S T E M  ---------------

OS:
 Windows 10 , 64 bit Build 19041 (10.0.19041.2546)
OS uptime: 0 days 6:57 hours
Hyper-V virtualization detected

CPU: total 1 (initial active 1) (1 cores per cpu, 1 threads per core) family 6 model 85 stepping 7 microcode 0xffffffff, cx8, cmov, fxsr, mmx, 3dnowpref, sse, sse2, sse3, ssse3, sse4.1, sse4.2, popcnt, lzcnt, tsc, avx, avx2, aes, erms, clmul, bmi1, bmi2, rtm, adx, avx512f, avx512dq, avx512cd, avx512bw, avx512vl, fma, vzeroupper, clflush, clflushopt, hv

Memory: 4k page, system-wide physical 3582M (392M free)
TotalPageFile size 4478M (AvailPageFile size 20M)
current process WorkingSet (physical memory assigned to process): 15M, peak: 15M
current process commit charge ("private bytes"): 151M, peak: 152M

vm_info: OpenJDK 64-Bit Server VM (17.0.6+10) for windows-amd64 JRE (17.0.6+10), built on Jan 18 2023 10:08:59 by "temurin" with MS VC++ 16.7 (VS2019)

END.
